0 info it worked if it ends with ok
1 verbose cli [ 'C:\\Program Files\\nodejs\\node.exe',
1 verbose cli   'C:\\Program Files\\nodejs\\node_modules\\npm\\bin\\npm-cli.js',
1 verbose cli   'run',
1 verbose cli   'watch' ]
2 info using npm@4.0.5
3 info using node@v7.4.0
4 verbose run-script [ 'prewatch', 'watch', 'postwatch' ]
5 info lifecycle expressjs-boilerplate@1.0.0~prewatch: expressjs-boilerplate@1.0.0
6 silly lifecycle expressjs-boilerplate@1.0.0~prewatch: no script for prewatch, continuing
7 info lifecycle expressjs-boilerplate@1.0.0~watch: expressjs-boilerplate@1.0.0
8 verbose lifecycle expressjs-boilerplate@1.0.0~watch: unsafe-perm in lifecycle true
9 verbose lifecycle expressjs-boilerplate@1.0.0~watch: PATH: C:\Program Files\nodejs\node_modules\npm\bin\node-gyp-bin;C:\Users\Adrien\Projects\express-boilerplate\node_modules\.bin;C:\Program Files\Docker\Docker\Resources\bin;C:\ProgramData\Oracle\Java\javapath;C:\Program Files\Dell\DW WLAN Card;C:\Windows\system32;C:\Windows;C:\Windows\System32\Wbem;C:\Windows\System32\WindowsPowerShell\v1.0\;C:\Program Files (x86)\NVIDIA Corporation\PhysX\Common;C:\Program Files (x86)\Windows Kits\8.1\Windows Performance Toolkit\;C:\Program Files\Microsoft SQL Server\120\Tools\Binn\;C:\Program Files\Microsoft\Web Platform Installer\;C:\PHP\php-7.1;C:\ProgramData\ComposerSetup\bin;C:\Java\apache-maven\bin;C:\Program Files (x86)\Windows Kits\10\Windows Performance Toolkit\;C:\Program Files\MySQL\MySQL Server 5.7\bin;C:\Program Files\MongoDB\Server\3.2\bin;C:\Program Files\Sublime Text 3;C:\Groovy\grails\bin;C:\Groovy\groovy\bin;C:\MinGW\bin;C:\Program Files\Microsoft SQL Server\130\Tools\Binn\;C:\ProgramData\chocolatey\bin;C:\Program Files\Microsoft DNX\Dnvm\;C:\Program Files\PostgreSQL\9.5\bin;C:\WINDOWS\system32;C:\WINDOWS;C:\WINDOWS\System32\Wbem;C:\WINDOWS\System32\WindowsPowerShell\v1.0\;C:\Program Files (x86)\PuTTY\;C:\Program Files (x86)\Heroku\bin;C:\Program Files (x86)\git\cmd;C:\Program Files\Java\jdk1.8.0_101\bin;C:\Program Files (x86)\Microsoft SQL Server\110\DTS\Binn\;C:\Program Files (x86)\Microsoft SQL Server\120\DTS\Binn\;C:\Program Files (x86)\Microsoft SQL Server\130\DTS\Binn\;C:\Program Files (x86)\sbt\bin;C:\Program Files\dotnet\;C:\Program Files\CMake\bin;C:\Program Files\Git\cmd;C:\Program Files\Git\mingw64\bin;C:\Program Files\Git\usr\bin;C:\Program Files\TortoiseSVN\bin;C:\Program Files (x86)\scala\bin;C:\Go\bin;C:\Program Files\MongoDB\Server\3.4\bin;C:\HashiCorp\Vagrant\bin;C:\Program Files\nodejs\;C:\Program Files (x86)\VisualSVN\bin;C:\Program Files (x86)\Microsoft Emulator Manager\1.0\;C:\Users\Adrien\AppData\Local\Programs\Python\Python36\Scripts\;C:\Users\Adrien\AppData\Local\Programs\Python\Python36\;C:\Ruby\Ruby23-x64\bin;C:\Ruby23-x64\bin;C:\Users\Adrien\AppData\Local\atom\bin;C:\Program Files (x86)\Microsoft VS Code\bin;C:\Users\Adrien\AppData\Roaming\Composer\vendor\bin;C:\Users\Adrien\AppData\Local\.meteor\;C:\Users\Adrien\AppData\Local\Microsoft\WindowsApps;C:\Users\Adrien\Go\bin;C:\Users\Adrien\AppData\Local\Google\Cloud SDK\google-cloud-sdk\bin;C:\Users\Adrien\AppData\Roaming\npm;C:\Users\Adrien\AppData\Local\GitHub\PortableGit_d7effa1a4a322478cd29c826b52a0c118ad3db11\cmd;C:\Users\Adrien\AppData\Local\GitHub\PortableGit_d7effa1a4a322478cd29c826b52a0c118ad3db11\usr\bin;C:\Users\Adrien\AppData\Local\GitHub\PortableGit_d7effa1a4a322478cd29c826b52a0c118ad3db11\usr\share\git-tfs;C:\Users\Adrien\AppData\Local\GitHub\lfs-amd64_1.3.1;C:\Users\Adrien\AppData\Local\Apps\2.0\59DQZM0E.7D6\70HA0RHA.KVR\gith..tion_317444273a93ac29_0003.0003_665ccbdbd3c2d8d4;C:\Program Files (x86)\MSBuild\14.0\bin\;C:\Program Files (x86)\Microsoft SDKs\Windows\v8.1A\bin\NETFX 4.5.1 Tools\x64;C:\Program Files (x86)\Microsoft SDKs\F#\4.0\Framework\v4.0\
10 verbose lifecycle expressjs-boilerplate@1.0.0~watch: CWD: C:\Users\Adrien\Projects\express-boilerplate
11 silly lifecycle expressjs-boilerplate@1.0.0~watch: Args: [ '/d /s /c',
11 silly lifecycle   'cross-env NODE_ENV=development webpack --watch --progress --hide-modules' ]
12 silly lifecycle expressjs-boilerplate@1.0.0~watch: Returned: code: 3221225786  signal: null
13 info lifecycle expressjs-boilerplate@1.0.0~watch: Failed to exec watch script
14 verbose stack Error: expressjs-boilerplate@1.0.0 watch: `cross-env NODE_ENV=development webpack --watch --progress --hide-modules`
14 verbose stack Exit status 3221225786
14 verbose stack     at EventEmitter.<anonymous> (C:\Program Files\nodejs\node_modules\npm\lib\utils\lifecycle.js:279:16)
14 verbose stack     at emitTwo (events.js:106:13)
14 verbose stack     at EventEmitter.emit (events.js:191:7)
14 verbose stack     at ChildProcess.<anonymous> (C:\Program Files\nodejs\node_modules\npm\lib\utils\spawn.js:40:14)
14 verbose stack     at emitTwo (events.js:106:13)
14 verbose stack     at ChildProcess.emit (events.js:191:7)
14 verbose stack     at maybeClose (internal/child_process.js:885:16)
14 verbose stack     at Process.ChildProcess._handle.onexit (internal/child_process.js:226:5)
15 verbose pkgid expressjs-boilerplate@1.0.0
16 verbose cwd C:\Users\Adrien\Projects\express-boilerplate
17 error Windows_NT 10.0.14393
18 error argv "C:\\Program Files\\nodejs\\node.exe" "C:\\Program Files\\nodejs\\node_modules\\npm\\bin\\npm-cli.js" "run" "watch"
19 error node v7.4.0
20 error npm  v4.0.5
21 error code ELIFECYCLE
22 error expressjs-boilerplate@1.0.0 watch: `cross-env NODE_ENV=development webpack --watch --progress --hide-modules`
22 error Exit status 3221225786
23 error Failed at the expressjs-boilerplate@1.0.0 watch script 'cross-env NODE_ENV=development webpack --watch --progress --hide-modules'.
23 error Make sure you have the latest version of node.js and npm installed.
23 error If you do, this is most likely a problem with the expressjs-boilerplate package,
23 error not with npm itself.
23 error Tell the author that this fails on your system:
23 error     cross-env NODE_ENV=development webpack --watch --progress --hide-modules
23 error You can get information on how to open an issue for this project with:
23 error     npm bugs expressjs-boilerplate
23 error Or if that isn't available, you can get their info via:
23 error     npm owner ls expressjs-boilerplate
23 error There is likely additional logging output above.
24 verbose exit [ 1, true ]
